BaiduMapsApiDemo/build/outputs/logs/manifest-merger-debug-report.txt
-- Merging decision tree log ---
manifest
ADDED from androidproject/BaiduMapsApiDemo/AndroidManifest.xml:3:1-252:12
	package
		ADDED from androidproject/BaiduMapsApiDemo/AndroidManifest.xml:4:11-37
		INJECTED from androidproject/BaiduMapsApiDemo/AndroidManifest.xml
		INJECTED from androidproject/BaiduMapsApiDemo/AndroidManifest.xml
	android:versionName
		ADDED from androidproject/BaiduMapsApiDemo/AndroidManifest.xml:6:11-36
		INJECTED from androidproject/BaiduMapsApiDemo/AndroidManifest.xml
		INJECTED from androidproject/BaiduMapsApiDemo/AndroidManifest.xml
	android:versionCode
		ADDED from androidproject/BaiduMapsApiDemo/AndroidManifest.xml:5:11-34
		INJECTED from androidproject/BaiduMapsApiDemo/AndroidManifest.xml
		INJECTED from androidproject/BaiduMapsApiDemo/AndroidManifest.xml
	xmlns:android
		ADDED from androidproject/BaiduMapsApiDemo/AndroidManifest.xml:3:11-69
uses-sdk
ADDED from androidproject/BaiduMapsApiDemo/AndroidManifest.xml:8:5-10:45
MERGED from [com.android.support:cardview-v7:23.3.0] AndroidManifest.xml:20:5-43
MERGED from [com.android.support:design:23.3.0] AndroidManifest.xml:20:5-43
MERGED from [com.android.support:appcompat-v7:23.3.0] AndroidManifest.xml:21:5-23:78
MERGED from [com.android.support:animated-vector-drawable:23.3.0] AndroidManifest.xml:5:5-44
MERGED from [com.android.support:support-vector-drawable:23.3.0] AndroidManifest.xml:5:5-43
MERGED from [com.android.support:recyclerview-v7:23.3.0] AndroidManifest.xml:20:5-43
MERGED from [com.android.support:support-v4:23.3.0] AndroidManifest.xml:20:5-43
	tools:overrideLibrary
		ADDED from [com.android.support:appcompat-v7:23.3.0] AndroidManifest.xml:23:9-75
	android:targetSdkVersion
		ADDED from androidproject/BaiduMapsApiDemo/AndroidManifest.xml:10:13-42
		INJECTED from androidproject/BaiduMapsApiDemo/AndroidManifest.xml
		INJECTED from androidproject/BaiduMapsApiDemo/AndroidManifest.xml
	android:minSdkVersion
		ADDED from androidproject/BaiduMapsApiDemo/AndroidManifest.xml:9:13-38
		INJECTED from androidproject/BaiduMapsApiDemo/AndroidManifest.xml
		INJECTED from androidproject/BaiduMapsApiDemo/AndroidManifest.xml
uses-feature#0x00020000
ADDED from androidproject/BaiduMapsApiDemo/AndroidManifest.xml:13:5-78
	android:glEsVersion
		ADDED from androidproject/BaiduMapsApiDemo/AndroidManifest.xml:13:19-51
	android:required
		ADDED from androidproject/BaiduMapsApiDemo/AndroidManifest.xml:13:52-75
uses-permission#com.android.launcher.permission.READ_SETTINGS
ADDED from androidproject/BaiduMapsApiDemo/AndroidManifest.xml:15:5-85
	android:name
		ADDED from androidproject/BaiduMapsApiDemo/AndroidManifest.xml:15:22-82
uses-permission#android.permission.ACCESS_COARSE_LOCATION
ADDED from androidproject/BaiduMapsApiDemo/AndroidManifest.xml:17:5-81
	android:name
		ADDED from androidproject/BaiduMapsApiDemo/AndroidManifest.xml:17:22-78
uses-permission#android.permission.ACCESS_FINE_LOCATION
ADDED from androidproject/BaiduMapsApiDemo/AndroidManifest.xml:19:5-79
	android:name
		ADDED from androidproject/BaiduMapsApiDemo/AndroidManifest.xml:19:22-76
uses-permission#android.permission.ACCESS_WIFI_STATE
ADDED from androidproject/BaiduMapsApiDemo/AndroidManifest.xml:21:5-76
	android:name
		ADDED from androidproject/BaiduMapsApiDemo/AndroidManifest.xml:21:22-73
uses-permission#android.permission.ACCESS_NETWORK_STATE
ADDED from androidproject/BaiduMapsApiDemo/AndroidManifest.xml:23:5-79
	android:name
		ADDED from androidproject/BaiduMapsApiDemo/AndroidManifest.xml:23:22-76
uses-permission#android.permission.READ_PHONE_STATE
ADDED from androidproject/BaiduMapsApiDemo/AndroidManifest.xml:25:5-75
	android:name
		ADDED from androidproject/BaiduMapsApiDemo/AndroidManifest.xml:25:22-72
uses-permission#android.permission.WRITE_EXTERNAL_STORAGE
ADDED from androidproject/BaiduMapsApiDemo/AndroidManifest.xml:27:5-81
	android:name
		ADDED from androidproject/BaiduMapsApiDemo/AndroidManifest.xml:27:22-78
uses-permission#android.permission.INTERNET
ADDED from androidproject/BaiduMapsApiDemo/AndroidManifest.xml:29:5-67
	android:name
		ADDED from androidproject/BaiduMapsApiDemo/AndroidManifest.xml:29:22-64
supports-screens
ADDED from androidproject/BaiduMapsApiDemo/AndroidManifest.xml:31:5-36:43
	android:largeScreens
		ADDED from androidproject/BaiduMapsApiDemo/AndroidManifest.xml:33:13-40
	android:smallScreens
		ADDED from androidproject/BaiduMapsApiDemo/AndroidManifest.xml:36:13-40
	android:normalScreens
		ADDED from androidproject/BaiduMapsApiDemo/AndroidManifest.xml:34:13-42
	android:resizeable
		ADDED from androidproject/BaiduMapsApiDemo/AndroidManifest.xml:35:13-38
	android:anyDensity
		ADDED from androidproject/BaiduMapsApiDemo/AndroidManifest.xml:32:13-38
application
ADDED from androidproject/BaiduMapsApiDemo/AndroidManifest.xml:39:5-250:19
MERGED from [com.android.support:cardview-v7:23.3.0] AndroidManifest.xml:22:5-20
MERGED from [com.android.support:design:23.3.0] AndroidManifest.xml:22:5-20
MERGED from [com.android.support:appcompat-v7:23.3.0] AndroidManifest.xml:25:5-20
MERGED from [com.android.support:animated-vector-drawable:23.3.0] AndroidManifest.xml:7:5-20
MERGED from [com.android.support:support-vector-drawable:23.3.0] AndroidManifest.xml:7:5-20
MERGED from [com.android.support:support-v4:23.3.0] AndroidManifest.xml:22:5-20
	android:label
		ADDED from androidproject/BaiduMapsApiDemo/AndroidManifest.xml:42:13-45
	android:hardwareAccelerated
		ADDED from androidproject/BaiduMapsApiDemo/AndroidManifest.xml:43:13-47
	android:icon
		ADDED from androidproject/BaiduMapsApiDemo/AndroidManifest.xml:41:13-49
	android:name
		ADDED from androidproject/BaiduMapsApiDemo/AndroidManifest.xml:40:13-44
meta-data#com.baidu.lbsapi.API_KEY
ADDED from androidproject/BaiduMapsApiDemo/AndroidManifest.xml:44:9-46:64
	android:value
		ADDED from androidproject/BaiduMapsApiDemo/AndroidManifest.xml:46:13-61
	android:name
		ADDED from androidproject/BaiduMapsApiDemo/AndroidManifest.xml:45:13-52
activity#baidumapsdk.demo.BMapApiDemoMain
ADDED from androidproject/BaiduMapsApiDemo/AndroidManifest.xml:48:9-58:20
	android:screenOrientation
		ADDED from androidproject/BaiduMapsApiDemo/AndroidManifest.xml:52:17-53
	android:label
		ADDED from androidproject/BaiduMapsApiDemo/AndroidManifest.xml:51:17-48
	android:configChanges
		ADDED from androidproject/BaiduMapsApiDemo/AndroidManifest.xml:50:17-67
	android:name
		ADDED from androidproject/BaiduMapsApiDemo/AndroidManifest.xml:49:17-48
intent-filter#android.intent.action.MAIN+android.intent.category.LAUNCHER
ADDED from androidproject/BaiduMapsApiDemo/AndroidManifest.xml:53:13-57:29
action#android.intent.action.MAIN
ADDED from androidproject/BaiduMapsApiDemo/AndroidManifest.xml:54:17-69
	android:name
		ADDED from androidproject/BaiduMapsApiDemo/AndroidManifest.xml:54:25-66
category#android.intent.category.LAUNCHER
ADDED from androidproject/BaiduMapsApiDemo/AndroidManifest.xml:56:17-77
	android:name
		ADDED from androidproject/BaiduMapsApiDemo/AndroidManifest.xml:56:27-74
activity#baidumapsdk.demo.map.BaseMapDemo
ADDED from androidproject/BaiduMapsApiDemo/AndroidManifest.xml:59:9-64:20
	android:screenOrientation
		ADDED from androidproject/BaiduMapsApiDemo/AndroidManifest.xml:63:17-53
	android:label
		ADDED from androidproject/BaiduMapsApiDemo/AndroidManifest.xml:62:17-58
	android:configChanges
		ADDED from androidproject/BaiduMapsApiDemo/AndroidManifest.xml:61:17-67
	android:name
		ADDED from androidproject/BaiduMapsApiDemo/AndroidManifest.xml:60:17-48
activity#baidumapsdk.demo.map.MapFragmentDemo
ADDED from androidproject/BaiduMapsApiDemo/AndroidManifest.xml:65:9-70:20
	android:screenOrientation
		ADDED from androidproject/BaiduMapsApiDemo/AndroidManifest.xml:69:17-53
	android:label
		ADDED from androidproject/BaiduMapsApiDemo/AndroidManifest.xml:68:17-63
	android:configChanges
		ADDED from androidproject/BaiduMapsApiDemo/AndroidManifest.xml:67:17-67
	android:name
		ADDED from androidproject/BaiduMapsApiDemo/AndroidManifest.xml:66:17-52
activity#baidumapsdk.demo.map.MultiMapViewDemo
ADDED from androidproject/BaiduMapsApiDemo/AndroidManifest.xml:71:9-76:20
	android:screenOrientation
		ADDED from androidproject/BaiduMapsApiDemo/AndroidManifest.xml:75:17-53
	android:label
		ADDED from androidproject/BaiduMapsApiDemo/AndroidManifest.xml:74:17-59
	android:configChanges
		ADDED from androidproject/BaiduMapsApiDemo/AndroidManifest.xml:73:17-67
	android:name
		ADDED from androidproject/BaiduMapsApiDemo/AndroidManifest.xml:72:17-53
activity#baidumapsdk.demo.map.GeometryDemo
ADDED from androidproject/BaiduMapsApiDemo/AndroidManifest.xml:77:9-82:20
	android:screenOrientation
		ADDED from androidproject/BaiduMapsApiDemo/AndroidManifest.xml:81:17-53
	android:label
		ADDED from androidproject/BaiduMapsApiDemo/AndroidManifest.xml:80:17-59
	android:configChanges
		ADDED from androidproject/BaiduMapsApiDemo/AndroidManifest.xml:79:17-67
	android:name
		ADDED from androidproject/BaiduMapsApiDemo/AndroidManifest.xml:78:17-49
activity#baidumapsdk.demo.radar.RadarDemo
ADDED from androidproject/BaiduMapsApiDemo/AndroidManifest.xml:83:9-88:20
	android:screenOrientation
		ADDED from androidproject/BaiduMapsApiDemo/AndroidManifest.xml:87:17-53
	android:label
		ADDED from androidproject/BaiduMapsApiDemo/AndroidManifest.xml:86:17-56
	android:configChanges
		ADDED from androidproject/BaiduMapsApiDemo/AndroidManifest.xml:85:17-67
	android:name
		ADDED from androidproject/BaiduMapsApiDemo/AndroidManifest.xml:84:17-48
activity#baidumapsdk.demo.map.FavoriteDemo
ADDED from androidproject/BaiduMapsApiDemo/AndroidManifest.xml:89:9-94:20
	android:screenOrientation
		ADDED from androidproject/BaiduMapsApiDemo/AndroidManifest.xml:93:17-53
	android:label
		ADDED from androidproject/BaiduMapsApiDemo/AndroidManifest.xml:92:17-59
	android:configChanges
		ADDED from androidproject/BaiduMapsApiDemo/AndroidManifest.xml:91:17-67
	android:name
		ADDED from androidproject/BaiduMapsApiDemo/AndroidManifest.xml:90:17-49
activity#baidumapsdk.demo.map.LocationDemo
ADDED from androidproject/BaiduMapsApiDemo/AndroidManifest.xml:95:9-100:20
	android:screenOrientation
		ADDED from androidproject/BaiduMapsApiDemo/AndroidManifest.xml:99:17-53
	android:label
		ADDED from androidproject/BaiduMapsApiDemo/AndroidManifest.xml:98:17-59
	android:configChanges
		ADDED from androidproject/BaiduMapsApiDemo/AndroidManifest.xml:97:17-67
	android:name
		ADDED from androidproject/BaiduMapsApiDemo/AndroidManifest.xml:96:17-49
activity#baidumapsdk.demo.map.MapControlDemo
ADDED from androidproject/BaiduMapsApiDemo/AndroidManifest.xml:101:9-106:20
	android:screenOrientation
		ADDED from androidproject/BaiduMapsApiDemo/AndroidManifest.xml:105:17-53
	android:label
		ADDED from androidproject/BaiduMapsApiDemo/AndroidManifest.xml:104:17-58
	android:configChanges
		ADDED from androidproject/BaiduMapsApiDemo/AndroidManifest.xml:103:17-67
	android:name
		ADDED from androidproject/BaiduMapsApiDemo/AndroidManifest.xml:102:17-51
activity#baidumapsdk.demo.map.UISettingDemo
ADDED from androidproject/BaiduMapsApiDemo/AndroidManifest.xml:107:9-112:20
	android:screenOrientation
		ADDED from androidproject/BaiduMapsApiDemo/AndroidManifest.xml:111:17-53
	android:label
		ADDED from androidproject/BaiduMapsApiDemo/AndroidManifest.xml:110:17-53
	android:configChanges
		ADDED from androidproject/BaiduMapsApiDemo/AndroidManifest.xml:109:17-67
	android:name
		ADDED from androidproject/BaiduMapsApiDemo/AndroidManifest.xml:108:17-50
activity#baidumapsdk.demo.map.LayersDemo
ADDED from androidproject/BaiduMapsApiDemo/AndroidManifest.xml:113:9-118:20
	android:screenOrientation
		ADDED from androidproject/BaiduMapsApiDemo/AndroidManifest.xml:117:17-53
	android:label
		ADDED from androidproject/BaiduMapsApiDemo/AndroidManifest.xml:116:17-57
	android:configChanges
		ADDED from androidproject/BaiduMapsApiDemo/AndroidManifest.xml:115:17-67
	android:name
		ADDED from androidproject/BaiduMapsApiDemo/AndroidManifest.xml:114:17-47
activity#baidumapsdk.demo.map.OverlayDemo
ADDED from androidproject/BaiduMapsApiDemo/AndroidManifest.xml:119:9-124:20
	android:screenOrientation
		ADDED from androidproject/BaiduMapsApiDemo/AndroidManifest.xml:123:17-53
	android:label
		ADDED from androidproject/BaiduMapsApiDemo/AndroidManifest.xml:122:17-58
	android:configChanges
		ADDED from androidproject/BaiduMapsApiDemo/AndroidManifest.xml:121:17-67
	android:name
		ADDED from androidproject/BaiduMapsApiDemo/AndroidManifest.xml:120:17-48
activity#baidumapsdk.demo.map.OfflineDemo
ADDED from androidproject/BaiduMapsApiDemo/AndroidManifest.xml:125:9-130:20
	android:screenOrientation
		ADDED from androidproject/BaiduMapsApiDemo/AndroidManifest.xml:129:17-53
	android:label
		ADDED from androidproject/BaiduMapsApiDemo/AndroidManifest.xml:128:17-58
	android:configChanges
		ADDED from androidproject/BaiduMapsApiDemo/AndroidManifest.xml:127:17-67
	android:name
		ADDED from androidproject/BaiduMapsApiDemo/AndroidManifest.xml:126:17-48
activity#baidumapsdk.demo.search.PoiSearchDemo
ADDED from androidproject/BaiduMapsApiDemo/AndroidManifest.xml:131:9-136:20
	android:screenOrientation
		ADDED from androidproject/BaiduMapsApiDemo/AndroidManifest.xml:135:17-53
	android:label
		ADDED from androidproject/BaiduMapsApiDemo/AndroidManifest.xml:134:17-54
	android:configChanges
		ADDED from androidproject/BaiduMapsApiDemo/AndroidManifest.xml:133:17-67
	android:name
		ADDED from androidproject/BaiduMapsApiDemo/AndroidManifest.xml:132:17-53
activity#baidumapsdk.demo.search.RoutePlanDemo
ADDED from androidproject/BaiduMapsApiDemo/AndroidManifest.xml:137:9-142:20
	android:screenOrientation
		ADDED from androidproject/BaiduMapsApiDemo/AndroidManifest.xml:141:17-53
	android:label
		ADDED from androidproject/BaiduMapsApiDemo/AndroidManifest.xml:140:17-56
	android:configChanges
		ADDED from androidproject/BaiduMapsApiDemo/AndroidManifest.xml:139:17-67
	android:name
		ADDED from androidproject/BaiduMapsApiDemo/AndroidManifest.xml:138:17-53
activity#baidumapsdk.demo.search.GeoCoderDemo
ADDED from androidproject/BaiduMapsApiDemo/AndroidManifest.xml:143:9-148:20
	android:screenOrientation
		ADDED from androidproject/BaiduMapsApiDemo/AndroidManifest.xml:147:17-53
	android:label
		ADDED from androidproject/BaiduMapsApiDemo/AndroidManifest.xml:146:17-58
	android:configChanges
		ADDED from androidproject/BaiduMapsApiDemo/AndroidManifest.xml:145:17-67
	android:name
		ADDED from androidproject/BaiduMapsApiDemo/AndroidManifest.xml:144:17-52
activity#baidumapsdk.demo.search.BusLineSearchDemo
ADDED from androidproject/BaiduMapsApiDemo/AndroidManifest.xml:149:9-154:20
	android:screenOrientation
		ADDED from androidproject/BaiduMapsApiDemo/AndroidManifest.xml:153:17-53
	android:label
		ADDED from androidproject/BaiduMapsApiDemo/AndroidManifest.xml:152:17-54
	android:configChanges
		ADDED from androidproject/BaiduMapsApiDemo/AndroidManifest.xml:151:17-67
	android:name
		ADDED from androidproject/BaiduMapsApiDemo/AndroidManifest.xml:150:17-57
activity#baidumapsdk.demo.map.HeatMapDemo
ADDED from androidproject/BaiduMapsApiDemo/AndroidManifest.xml:155:9-160:20
	android:screenOrientation
		ADDED from androidproject/BaiduMapsApiDemo/AndroidManifest.xml:159:17-53
	android:label
		ADDED from androidproject/BaiduMapsApiDemo/AndroidManifest.xml:158:17-58
	android:configChanges
		ADDED from androidproject/BaiduMapsApiDemo/AndroidManifest.xml:157:17-67
	android:name
		ADDED from androidproject/BaiduMapsApiDemo/AndroidManifest.xml:156:17-48
activity#baidumapsdk.demo.search.ShareDemo
ADDED from androidproject/BaiduMapsApiDemo/AndroidManifest.xml:161:9-166:20
	android:screenOrientation
		ADDED from androidproject/BaiduMapsApiDemo/AndroidManifest.xml:165:17-53
	android:label
		ADDED from androidproject/BaiduMapsApiDemo/AndroidManifest.xml:164:17-56
	android:configChanges
		ADDED from androidproject/BaiduMapsApiDemo/AndroidManifest.xml:163:17-67
	android:name
		ADDED from androidproject/BaiduMapsApiDemo/AndroidManifest.xml:162:17-49
activity#baidumapsdk.demo.search.ShareDemoActivity
ADDED from androidproject/BaiduMapsApiDemo/AndroidManifest.xml:167:9-172:20
	android:screenOrientation
		ADDED from androidproject/BaiduMapsApiDemo/AndroidManifest.xml:171:17-53
	android:label
		ADDED from androidproject/BaiduMapsApiDemo/AndroidManifest.xml:170:17-56
	android:configChanges
		ADDED from androidproject/BaiduMapsApiDemo/AndroidManifest.xml:169:17-67
	android:name
		ADDED from androidproject/BaiduMapsApiDemo/AndroidManifest.xml:168:17-57
activity#baidumapsdk.demo.util.OpenBaiduMap
ADDED from androidproject/BaiduMapsApiDemo/AndroidManifest.xml:173:9-178:20
	android:screenOrientation
		ADDED from androidproject/BaiduMapsApiDemo/AndroidManifest.xml:177:17-53
	android:label
		ADDED from androidproject/BaiduMapsApiDemo/AndroidManifest.xml:176:17-64
	android:configChanges
		ADDED from androidproject/BaiduMapsApiDemo/AndroidManifest.xml:175:17-67
	android:name
		ADDED from androidproject/BaiduMapsApiDemo/AndroidManifest.xml:174:17-50
activity#baidumapsdk.demo.cloud.CloudSearchActivity
ADDED from androidproject/BaiduMapsApiDemo/AndroidManifest.xml:179:9-184:20
	android:screenOrientation
		ADDED from androidproject/BaiduMapsApiDemo/AndroidManifest.xml:183:17-53
	android:label
		ADDED from androidproject/BaiduMapsApiDemo/AndroidManifest.xml:182:17-56
	android:configChanges
		ADDED from androidproject/BaiduMapsApiDemo/AndroidManifest.xml:181:17-67
	android:name
		ADDED from androidproject/BaiduMapsApiDemo/AndroidManifest.xml:180:17-58
activity#baidumapsdk.demo.cloud.CloudSearchDemo
ADDED from androidproject/BaiduMapsApiDemo/AndroidManifest.xml:185:9-190:20
	android:screenOrientation
		ADDED from androidproject/BaiduMapsApiDemo/AndroidManifest.xml:189:17-53
	android:label
		ADDED from androidproject/BaiduMapsApiDemo/AndroidManifest.xml:188:17-73
	android:configChanges
		ADDED from androidproject/BaiduMapsApiDemo/AndroidManifest.xml:187:17-67
	android:name
		ADDED from androidproject/BaiduMapsApiDemo/AndroidManifest.xml:186:17-54
activity#baidumapsdk.demo.map.OpenglDemo
ADDED from androidproject/BaiduMapsApiDemo/AndroidManifest.xml:191:9-196:20
	android:screenOrientation
		ADDED from androidproject/BaiduMapsApiDemo/AndroidManifest.xml:195:17-53
	android:label
		ADDED from androidproject/BaiduMapsApiDemo/AndroidManifest.xml:194:17-57
	android:configChanges
		ADDED from androidproject/BaiduMapsApiDemo/AndroidManifest.xml:193:17-67
	android:name
		ADDED from androidproject/BaiduMapsApiDemo/AndroidManifest.xml:192:17-47
activity#baidumapsdk.demo.map.TextureMapViewDemo
ADDED from androidproject/BaiduMapsApiDemo/AndroidManifest.xml:197:9-202:20
	android:screenOrientation
		ADDED from androidproject/BaiduMapsApiDemo/AndroidManifest.xml:199:17-53
	android:label
		ADDED from androidproject/BaiduMapsApiDemo/AndroidManifest.xml:201:17-65
	android:configChanges
		ADDED from androidproject/BaiduMapsApiDemo/AndroidManifest.xml:200:17-67
	android:name
		ADDED from androidproject/BaiduMapsApiDemo/AndroidManifest.xml:198:17-55
activity#baidumapsdk.demo.map.TileOverlayDemo
ADDED from androidproject/BaiduMapsApiDemo/AndroidManifest.xml:203:9-208:20
	android:screenOrientation
		ADDED from androidproject/BaiduMapsApiDemo/AndroidManifest.xml:207:17-53
	android:label
		ADDED from androidproject/BaiduMapsApiDemo/AndroidManifest.xml:206:17-62
	android:configChanges
		ADDED from androidproject/BaiduMapsApiDemo/AndroidManifest.xml:205:17-67
	android:name
		ADDED from androidproject/BaiduMapsApiDemo/AndroidManifest.xml:204:17-52
service#com.baidu.location.f
ADDED from androidproject/BaiduMapsApiDemo/AndroidManifest.xml:210:9-214:19
	android:enabled
		ADDED from androidproject/BaiduMapsApiDemo/AndroidManifest.xml:212:17-39
	android:process
		ADDED from androidproject/BaiduMapsApiDemo/AndroidManifest.xml:213:17-42
	android:name
		ADDED from androidproject/BaiduMapsApiDemo/AndroidManifest.xml:211:17-52
activity#baidumapsdk.demo.map.MarkerClusterDemo
ADDED from androidproject/BaiduMapsApiDemo/AndroidManifest.xml:216:9-221:20
	android:screenOrientation
		ADDED from androidproject/BaiduMapsApiDemo/AndroidManifest.xml:220:17-53
	android:label
		ADDED from androidproject/BaiduMapsApiDemo/AndroidManifest.xml:219:17-75
	android:configChanges
		ADDED from androidproject/BaiduMapsApiDemo/AndroidManifest.xml:218:17-67
	android:name
		ADDED from androidproject/BaiduMapsApiDemo/AndroidManifest.xml:217:17-54
activity#baidumapsdk.demo.search.DistrictSearchDemo
ADDED from androidproject/BaiduMapsApiDemo/AndroidManifest.xml:223:9-228:20
	android:screenOrientation
		ADDED from androidproject/BaiduMapsApiDemo/AndroidManifest.xml:227:17-53
	android:label
		ADDED from androidproject/BaiduMapsApiDemo/AndroidManifest.xml:226:17-64
	android:configChanges
		ADDED from androidproject/BaiduMapsApiDemo/AndroidManifest.xml:225:17-67
	android:name
		ADDED from androidproject/BaiduMapsApiDemo/AndroidManifest.xml:224:17-58
activity#baidumapsdk.demo.map.IndoorMapDemo
ADDED from androidproject/BaiduMapsApiDemo/AndroidManifest.xml:229:9-234:20
	android:screenOrientation
		ADDED from androidproject/BaiduMapsApiDemo/AndroidManifest.xml:232:17-53
	android:label
		ADDED from androidproject/BaiduMapsApiDemo/AndroidManifest.xml:233:17-57
	android:configChanges
		ADDED from androidproject/BaiduMapsApiDemo/AndroidManifest.xml:231:17-67
	android:name
		ADDED from androidproject/BaiduMapsApiDemo/AndroidManifest.xml:230:17-50
activity#baidumapsdk.demo.search.IndoorSearchDemo
ADDED from androidproject/BaiduMapsApiDemo/AndroidManifest.xml:235:9-240:20
	android:screenOrientation
		ADDED from androidproject/BaiduMapsApiDemo/AndroidManifest.xml:238:17-53
	android:label
		ADDED from androidproject/BaiduMapsApiDemo/AndroidManifest.xml:239:17-57
	android:configChanges
		ADDED from androidproject/BaiduMapsApiDemo/AndroidManifest.xml:237:17-67
	android:name
		ADDED from androidproject/BaiduMapsApiDemo/AndroidManifest.xml:236:17-56
activity#baidumapsdk.demo.map.TrackShowDemo
ADDED from androidproject/BaiduMapsApiDemo/AndroidManifest.xml:242:9-247:20
	android:screenOrientation
		ADDED from androidproject/BaiduMapsApiDemo/AndroidManifest.xml:245:17-53
	android:label
		ADDED from androidproject/BaiduMapsApiDemo/AndroidManifest.xml:246:17-56
	android:configChanges
		ADDED from androidproject/BaiduMapsApiDemo/AndroidManifest.xml:244:17-67
	android:name
		ADDED from androidproject/BaiduMapsApiDemo/AndroidManifest.xml:243:17-50